<?xml version="1.0" encoding="UTF-8"?>
<!-- Generated by org.testng.reporters.JUnitReportReporter -->
<testsuite hostname="LAPTOP-0SSNR9QF" failures="1" tests="8" name="automation.testsuite.SoftByPrice" time="59.441" errors="0" timestamp="2025-09-16T16:31:16 ICT" skipped="0">
  <testcase classname="automation.testsuite.SoftByPrice" name="test5To10Trieu" time="6.847"/>
  <testcase classname="automation.testsuite.SoftByPrice" name="testDuoi3Trieu" time="6.517"/>
  <testcase classname="automation.testsuite.SoftByPrice" name="testSapXepGiamGiaNhieu" time="8.184"/>
  <testcase classname="automation.testsuite.SoftByPrice" name="test3To5Trieu" time="11.279"/>
  <testcase classname="automation.testsuite.SoftByPrice" name="testSapXepGiaCao" time="6.414"/>
  <testcase classname="automation.testsuite.SoftByPrice" name="test10To15Trieu" time="5.702"/>
  <testcase classname="automation.testsuite.SoftByPrice" name="testTren15Trieu" time="7.254">
    <failure message="Có sản phẩm nhỏ hơn 15000000: 10285000" type="java.lang.AssertionError">
      <![CDATA[java.lang.AssertionError: Có sản phẩm nhỏ hơn 15000000: 10285000
at automation.pageLocator.ProductPage.checkAllPricesAbove(ProductPage.java:86)
at automation.testsuite.SoftByPrice.testTren15Trieu(SoftByPrice.java:43)
at java.base/jdk.internal.reflect.DirectMethodHandleAccessor.invoke(DirectMethodHandleAccessor.java:103)
at java.base/java.lang.reflect.Method.invoke(Method.java:580)
at org.testng.internal.invokers.MethodInvocationHelper.invokeMethod(MethodInvocationHelper.java:141)
at org.testng.internal.invokers.TestInvoker.invokeMethod(TestInvoker.java:687)
at org.testng.internal.invokers.TestInvoker.invokeTestMethod(TestInvoker.java:230)
at org.testng.internal.invokers.MethodRunner.runInSequence(MethodRunner.java:63)
at org.testng.internal.invokers.TestInvoker$MethodInvocationAgent.invoke(TestInvoker.java:995)
at org.testng.internal.invokers.TestInvoker.invokeTestMethods(TestInvoker.java:203)
at org.testng.internal.invokers.TestMethodWorker.invokeTestMethods(TestMethodWorker.java:154)
at org.testng.internal.invokers.TestMethodWorker.run(TestMethodWorker.java:134)
at java.base/java.util.ArrayList.forEach(ArrayList.java:1596)
at org.testng.TestRunner.privateRun(TestRunner.java:741)
at org.testng.TestRunner.run(TestRunner.java:616)
at org.testng.SuiteRunner.runTest(SuiteRunner.java:421)
at org.testng.SuiteRunner.runSequentially(SuiteRunner.java:413)
at org.testng.SuiteRunner.privateRun(SuiteRunner.java:373)
at org.testng.SuiteRunner.run(SuiteRunner.java:312)
at org.testng.SuiteRunnerWorker.runSuite(SuiteRunnerWorker.java:52)
at org.testng.SuiteRunnerWorker.run(SuiteRunnerWorker.java:95)
at org.testng.TestNG.runSuitesSequentially(TestNG.java:1274)
at org.testng.TestNG.runSuitesLocally(TestNG.java:1208)
at org.testng.TestNG.runSuites(TestNG.java:1112)
at org.testng.TestNG.run(TestNG.java:1079)
at org.testng.remote.AbstractRemoteTestNG.run(AbstractRemoteTestNG.java:115)
at org.testng.remote.RemoteTestNG.initAndRun(RemoteTestNG.java:293)
at org.testng.remote.RemoteTestNG.main(RemoteTestNG.java:91)
]]>
    </failure>
  </testcase> <!-- testTren15Trieu -->
  <testcase classname="automation.testsuite.SoftByPrice" name="testSapXepGiaThap" time="7.244"/>
</testsuite> <!-- automation.testsuite.SoftByPrice -->
