<?xml version="1.0" encoding="UTF-8"?>
<!-- Generated by org.testng.reporters.JUnitXMLReporter -->
<testsuite ignored="0" hostname="LAPTOP-0SSNR9QF" failures="2" tests="17" name="Regression test on Edge" time="147.827" errors="0" timestamp="2025-09-20T19:14:32 ICT">
  <testcase classname="automation.testsuite.ChauVoi_SoftByPrice" name="test10To15Trieu" time="0.487">
    <failure type="java.lang.AssertionError" message="❌ Có sản phẩm ngoài khoảng [10000000 - 15000000]: 680000">
      <![CDATA[java.lang.AssertionError: ❌ Có sản phẩm ngoài khoảng [10000000 - 15000000]: 680000
at automation.pageLocator.ChauVoi_ProductPage.checkAllPricesInRange(ChauVoi_ProductPage.java:73)
at automation.testsuite.ChauVoi_SoftByPrice.test10To15Trieu(ChauVoi_SoftByPrice.java:51)
at java.base/java.util.ArrayList.forEach(ArrayList.java:1596)
... Removed 25 stack frames]]>
    </failure>
  </testcase> <!-- test10To15Trieu -->
  <testcase classname="automation.testsuite.ChauVoi_SoftByPrice" name="test3To5Trieu" time="0.695"/>
  <testcase classname="automation.testsuite.ChauVoi_SoftByPrice" name="test5To10Trieu" time="1.517"/>
  <testcase classname="automation.testsuite.ChauVoi_SoftByPrice" name="testDuoi3Trieu" time="1.429"/>
  <testcase classname="automation.testsuite.ChauVoi_SoftByPrice" name="testPriceAndBrand" time="0.433">
    <failure type="org.openqa.selenium.StaleElementReferenceException" message="stale element reference: stale element not found in the current frame
  (Session info: MicrosoftEdge=140.0.3485.66)
For documentation on this error, please visit: https://www.selenium.dev/documentation/webdriver/troubleshooting/errors#stale-element-reference-exception
Build info: version: &amp;apos;4.33.0&amp;apos;, revision: &amp;apos;2c6aaad03a&amp;apos;
System info: os.name: &amp;apos;Windows 11&amp;apos;, os.arch: &amp;apos;amd64&amp;apos;, os.version: &amp;apos;10.0&amp;apos;, java.version: &amp;apos;21.0.7&amp;apos;
Driver info: org.openqa.selenium.edge.EdgeDriver
Command: [7b50852f41e8e0a5df5189e52f089de9, clickElement {id=f.D1C339B7295C2BBAC87035649410766B.d.9C715FBB9974EBF94523F00569963D40.e.128}]
Capabilities {acceptInsecureCerts: false, browserName: MicrosoftEdge, browserVersion: 140.0.3485.66, fedcm:accounts: true, ms:edgeOptions: {debuggerAddress: localhost:56412}, msedge: {msedgedriverVersion: 140.0.3485.54 (3cc379a8a5fb..., userDataDir: C:\Users\Lenovo\AppData\Loc...}, networkConnectionEnabled: false, pageLoadStrategy: normal, platformName: windows, proxy: Proxy(), se:cdp: ws://localhost:56412/devtoo..., se:cdpVersion: 140.0.3485.66, setWindowRect: true, strictFileInteractability: false, timeouts: {implicit: 0, pageLoad: 300000, script: 30000}, unhandledPromptBehavior: dismiss and notify, webauthn:extension:credBlob: true, webauthn:extension:largeBlob: true, webauthn:extension:minPinLength: true, webauthn:extension:prf: true, webauthn:virtualAuthenticators: true}
Element: [[EdgeDriver: MicrosoftEdge on windows (7b50852f41e8e0a5df5189e52f089de9)] -&amp;gt; xpath: //span[normalize-space(text())=&amp;apos;3.000.000 &amp;gt; 5.000.000&amp;apos;]]
Session ID: 7b50852f41e8e0a5df5189e52f089de9">
      <![CDATA[org.openqa.selenium.StaleElementReferenceException: stale element reference: stale element not found in the current frame
  (Session info: MicrosoftEdge=140.0.3485.66)
For documentation on this error, please visit: https://www.selenium.dev/documentation/webdriver/troubleshooting/errors#stale-element-reference-exception
Build info: version: '4.33.0', revision: '2c6aaad03a'
System info: os.name: 'Windows 11', os.arch: 'amd64', os.version: '10.0', java.version: '21.0.7'
Driver info: org.openqa.selenium.edge.EdgeDriver
Command: [7b50852f41e8e0a5df5189e52f089de9, clickElement {id=f.D1C339B7295C2BBAC87035649410766B.d.9C715FBB9974EBF94523F00569963D40.e.128}]
Capabilities {acceptInsecureCerts: false, browserName: MicrosoftEdge, browserVersion: 140.0.3485.66, fedcm:accounts: true, ms:edgeOptions: {debuggerAddress: localhost:56412}, msedge: {msedgedriverVersion: 140.0.3485.54 (3cc379a8a5fb..., userDataDir: C:\Users\Lenovo\AppData\Loc...}, networkConnectionEnabled: false, pageLoadStrategy: normal, platformName: windows, proxy: Proxy(), se:cdp: ws://localhost:56412/devtoo..., se:cdpVersion: 140.0.3485.66, setWindowRect: true, strictFileInteractability: false, timeouts: {implicit: 0, pageLoad: 300000, script: 30000}, unhandledPromptBehavior: dismiss and notify, webauthn:extension:credBlob: true, webauthn:extension:largeBlob: true, webauthn:extension:minPinLength: true, webauthn:extension:prf: true, webauthn:virtualAuthenticators: true}
Element: [[EdgeDriver: MicrosoftEdge on windows (7b50852f41e8e0a5df5189e52f089de9)] -> xpath: //span[normalize-space(text())='3.000.000 > 5.000.000']]
Session ID: 7b50852f41e8e0a5df5189e52f089de9
at org.openqa.selenium.remote.ErrorCodec.decode(ErrorCodec.java:167)
at org.openqa.selenium.remote.codec.w3c.W3CHttpResponseCodec.decode(W3CHttpResponseCodec.java:138)
at org.openqa.selenium.remote.codec.w3c.W3CHttpResponseCodec.decode(W3CHttpResponseCodec.java:50)
at org.openqa.selenium.remote.HttpCommandExecutor.execute(HttpCommandExecutor.java:215)
at org.openqa.selenium.remote.service.DriverCommandExecutor.invokeExecute(DriverCommandExecutor.java:216)
at org.openqa.selenium.remote.service.DriverCommandExecutor.execute(DriverCommandExecutor.java:174)
at org.openqa.selenium.remote.RemoteWebDriver.execute(RemoteWebDriver.java:544)
at org.openqa.selenium.remote.RemoteWebElement.execute(RemoteWebElement.java:223)
at org.openqa.selenium.remote.RemoteWebElement.click(RemoteWebElement.java:76)
at org.openqa.selenium.support.pagefactory.internal.LocatingElementHandler.invoke(LocatingElementHandler.java:51)
at jdk.proxy2/jdk.proxy2.$Proxy14.click(Unknown Source)
at automation.pageLocator.ChauVoi_ProductPage.clickElement(ChauVoi_ProductPage.java:25)
at automation.pageLocator.ChauVoi_ProductPage.selectPriceFilter(ChauVoi_ProductPage.java:57)
at automation.testsuite.ChauVoi_SoftByPrice.testPriceAndBrand(ChauVoi_SoftByPrice.java:80)
at java.base/java.util.ArrayList.forEach(ArrayList.java:1596)
... Removed 30 stack frames]]>
    </failure>
  </testcase> <!-- testPriceAndBrand -->
  <testcase classname="automation.testsuite.ChauVoi_SoftByPrice" name="testPriceAndMaterial" time="2.057"/>
  <testcase classname="automation.testsuite.ChauVoi_SoftByPrice" name="testPriceAndOrigin" time="2.118"/>
  <testcase classname="automation.testsuite.ChauVoi_SoftByPrice" name="testSapXepGiaCao" time="2.076"/>
  <testcase classname="automation.testsuite.ChauVoi_SoftByPrice" name="testSapXepGiaThap" time="1.932"/>
  <testcase classname="automation.testsuite.ChauVoi_SoftByPrice" name="testSapXepGiamGiaNhieu" time="2.129"/>
  <testcase classname="automation.testsuite.ChauVoi_SoftByPrice" name="testTren15Trieu" time="0.779"/>
  <testcase classname="automation.testsuite.ChauVoi_SoftByOrigin" name="locTheoXuatXu_ThuySy" time="0.976"/>
  <testcase classname="automation.testsuite.ChauVoi_SoftByMaterial" name="locTheoChatLieu_Inox304" time="0.875"/>
  <testcase classname="automation.testsuite.ChauVoi_SoftByMaterial" name="testOriginAndMaterial" time="0.63"/>
  <testcase classname="automation.testsuite.ChauVoi_SoftByCategory" name="testCategoryChau" time="1.426"/>
  <testcase classname="automation.testsuite.ChauVoi_SoftByCategory" name="testCategoryVoi" time="0.919"/>
  <testcase classname="automation.testsuite.ChauVoi_SoftByBrand" name="locTheoHangKainer" time="5.517"/>
</testsuite> <!-- Regression test on Edge -->
