<html>
<head>
<title>TestNG:  Regression test on Edge</title>
<link href="../testng.css" rel="stylesheet" type="text/css" />
<link href="../my-testng.css" rel="stylesheet" type="text/css" />

<style type="text/css">
.log { display: none;} 
.stack-trace { display: none;} 
</style>
<script type="text/javascript">
<!--
function flip(e) {
  current = e.style.display;
  if (current == 'block') {
    e.style.display = 'none';
    return 0;
  }
  else {
    e.style.display = 'block';
    return 1;
  }
}

function toggleBox(szDivId, elem, msg1, msg2)
{
  var res = -1;  if (document.getElementById) {
    res = flip(document.getElementById(szDivId));
  }
  else if (document.all) {
    // this is the way old msie versions work
    res = flip(document.all[szDivId]);
  }
  if(elem) {
    if(res == 0) elem.innerHTML = msg1; else elem.innerHTML = msg2;
  }

}

function toggleAllBoxes() {
  if (document.getElementsByTagName) {
    d = document.getElementsByTagName('div');
    for (i = 0; i < d.length; i++) {
      if (d[i].className == 'log') {
        flip(d[i]);
      }
    }
  }
}

// -->
</script>

</head>
<body>
<h2 align='center'>Regression test on Edge</h2><table border='1' align="center">
<tr>
<td>Tests passed/Failed/Skipped:</td><td>15/2/0</td>
</tr><tr>
<td>Started on:</td><td>Sat Sep 20 19:12:04 ICT 2025</td>
</tr>
<tr><td>Total time:</td><td>147 seconds (147827 ms)</td>
</tr><tr>
<td>Included groups:</td><td></td>
</tr><tr>
<td>Excluded groups:</td><td></td>
</tr>
</table><p/>
<small><i>(Hover the method name to see the test class name)</i></small><p/>
<table width='100%' border='1' class='invocation-failed'>
<tr><td colspan='4' align='center'><b>FAILED TESTS</b></td></tr>
<tr><td><b>Test method</b></td>
<td><b>Attribute(s)</b></td>
<td width="30%"><b>Exception</b></td>
<td width="10%"><b>Time (seconds)</b></td>
<td><b>Instance</b></td>
</tr>
<tr>
<td title='automation.testsuite.ChauVoi_SoftByPrice.test10To15Trieu()'><b>test10To15Trieu</b><br>Test class: automation.testsuite.ChauVoi_SoftByPrice</td>
<td><div><pre>java.lang.AssertionError: ❌ Có sản phẩm ngoài khoảng [10000000 - 15000000]: 680000
	at automation.pageLocator.ChauVoi_ProductPage.checkAllPricesInRange(ChauVoi_ProductPage.java:73)
	at automation.testsuite.ChauVoi_SoftByPrice.test10To15Trieu(ChauVoi_SoftByPrice.java:51)
	at java.base/java.util.ArrayList.forEach(ArrayList.java:1596)
... Removed 25 stack frames</pre></div><a href='#' onClick='toggleBox("stack-trace884502914", this, "Click to show all stack frames", "Click to hide stack frames")'>Click to show all stack frames</a>
<div class='stack-trace' id='stack-trace884502914'><pre>java.lang.AssertionError: ❌ Có sản phẩm ngoài khoảng [10000000 - 15000000]: 680000
	at automation.pageLocator.ChauVoi_ProductPage.checkAllPricesInRange(ChauVoi_ProductPage.java:73)
	at automation.testsuite.ChauVoi_SoftByPrice.test10To15Trieu(ChauVoi_SoftByPrice.java:51)
	at java.base/jdk.internal.reflect.DirectMethodHandleAccessor.invoke(DirectMethodHandleAccessor.java:103)
	at java.base/java.lang.reflect.Method.invoke(Method.java:580)
	at org.testng.internal.invokers.MethodInvocationHelper.invokeMethod(MethodInvocationHelper.java:141)
	at org.testng.internal.invokers.TestInvoker.invokeMethod(TestInvoker.java:687)
	at org.testng.internal.invokers.TestInvoker.invokeTestMethod(TestInvoker.java:230)
	at org.testng.internal.invokers.MethodRunner.runInSequence(MethodRunner.java:63)
	at org.testng.internal.invokers.TestInvoker$MethodInvocationAgent.invoke(TestInvoker.java:995)
	at org.testng.internal.invokers.TestInvoker.invokeTestMethods(TestInvoker.java:203)
	at org.testng.internal.invokers.TestMethodWorker.invokeTestMethods(TestMethodWorker.java:154)
	at org.testng.internal.invokers.TestMethodWorker.run(TestMethodWorker.java:134)
	at java.base/java.util.ArrayList.forEach(ArrayList.java:1596)
	at org.testng.TestRunner.privateRun(TestRunner.java:741)
	at org.testng.TestRunner.run(TestRunner.java:616)
	at org.testng.SuiteRunner.runTest(SuiteRunner.java:421)
	at org.testng.SuiteRunner.runSequentially(SuiteRunner.java:413)
	at org.testng.SuiteRunner.privateRun(SuiteRunner.java:373)
	at org.testng.SuiteRunner.run(SuiteRunner.java:312)
	at org.testng.SuiteRunnerWorker.runSuite(SuiteRunnerWorker.java:52)
	at org.testng.SuiteRunnerWorker.run(SuiteRunnerWorker.java:95)
	at org.testng.TestNG.runSuitesSequentially(TestNG.java:1274)
	at org.testng.TestNG.runSuitesLocally(TestNG.java:1208)
	at org.testng.TestNG.runSuites(TestNG.java:1112)
	at org.testng.TestNG.run(TestNG.java:1079)
	at org.testng.remote.AbstractRemoteTestNG.run(AbstractRemoteTestNG.java:115)
	at org.testng.remote.RemoteTestNG.initAndRun(RemoteTestNG.java:293)
	at org.testng.remote.RemoteTestNG.main(RemoteTestNG.java:91)
</pre></div></td>
<td>0</td>
<td>automation.testsuite.ChauVoi_SoftByPrice@158a8276</td></tr>
<tr>
<td title='automation.testsuite.ChauVoi_SoftByPrice.testPriceAndBrand()'><b>testPriceAndBrand</b><br>Test class: automation.testsuite.ChauVoi_SoftByPrice</td>
<td><div><pre>org.openqa.selenium.StaleElementReferenceException: stale element reference: stale element not found in the current frame
  (Session info: MicrosoftEdge=140.0.3485.66)
For documentation on this error, please visit: https://www.selenium.dev/documentation/webdriver/troubleshooting/errors#stale-element-reference-exception
Build info: version: &apos;4.33.0&apos;, revision: &apos;2c6aaad03a&apos;
System info: os.name: &apos;Windows 11&apos;, os.arch: &apos;amd64&apos;, os.version: &apos;10.0&apos;, java.version: &apos;21.0.7&apos;
Driver info: org.openqa.selenium.edge.EdgeDriver
Command: [7b50852f41e8e0a5df5189e52f089de9, clickElement {id=f.D1C339B7295C2BBAC87035649410766B.d.9C715FBB9974EBF94523F00569963D40.e.128}]
Capabilities {acceptInsecureCerts: false, browserName: MicrosoftEdge, browserVersion: 140.0.3485.66, fedcm:accounts: true, ms:edgeOptions: {debuggerAddress: localhost:56412}, msedge: {msedgedriverVersion: 140.0.3485.54 (3cc379a8a5fb..., userDataDir: C:\Users\Lenovo\AppData\Loc...}, networkConnectionEnabled: false, pageLoadStrategy: normal, platformName: windows, proxy: Proxy(), se:cdp: ws://localhost:56412/devtoo..., se:cdpVersion: 140.0.3485.66, setWindowRect: true, strictFileInteractability: false, timeouts: {implicit: 0, pageLoad: 300000, script: 30000}, unhandledPromptBehavior: dismiss and notify, webauthn:extension:credBlob: true, webauthn:extension:largeBlob: true, webauthn:extension:minPinLength: true, webauthn:extension:prf: true, webauthn:virtualAuthenticators: true}
Element: [[EdgeDriver: MicrosoftEdge on windows (7b50852f41e8e0a5df5189e52f089de9)] -&gt; xpath: //span[normalize-space(text())=&apos;3.000.000 &gt; 5.000.000&apos;]]
Session ID: 7b50852f41e8e0a5df5189e52f089de9
	at org.openqa.selenium.remote.ErrorCodec.decode(ErrorCodec.java:167)
	at org.openqa.selenium.remote.codec.w3c.W3CHttpResponseCodec.decode(W3CHttpResponseCodec.java:138)
	at org.openqa.selenium.remote.codec.w3c.W3CHttpResponseCodec.decode(W3CHttpResponseCodec.java:50)
	at org.openqa.selenium.remote.HttpCommandExecutor.execute(HttpCommandExecutor.java:215)
	at org.openqa.selenium.remote.service.DriverCommandExecutor.invokeExecute(DriverCommandExecutor.java:216)
	at org.openqa.selenium.remote.service.DriverCommandExecutor.execute(DriverCommandExecutor.java:174)
	at org.openqa.selenium.remote.RemoteWebDriver.execute(RemoteWebDriver.java:544)
	at org.openqa.selenium.remote.RemoteWebElement.execute(RemoteWebElement.java:223)
	at org.openqa.selenium.remote.RemoteWebElement.click(RemoteWebElement.java:76)
	at org.openqa.selenium.support.pagefactory.internal.LocatingElementHandler.invoke(LocatingElementHandler.java:51)
	at jdk.proxy2/jdk.proxy2.$Proxy14.click(Unknown Source)
	at automation.pageLocator.ChauVoi_ProductPage.clickElement(ChauVoi_ProductPage.java:25)
	at automation.pageLocator.ChauVoi_ProductPage.selectPriceFilter(ChauVoi_ProductPage.java:57)
	at automation.testsuite.ChauVoi_SoftByPrice.testPriceAndBrand(ChauVoi_SoftByPrice.java:80)
	at java.base/java.util.ArrayList.forEach(ArrayList.java:1596)
... Removed 30 stack frames</pre></div><a href='#' onClick='toggleBox("stack-trace1258503852", this, "Click to show all stack frames", "Click to hide stack frames")'>Click to show all stack frames</a>
<div class='stack-trace' id='stack-trace1258503852'><pre>org.openqa.selenium.StaleElementReferenceException: stale element reference: stale element not found in the current frame
  (Session info: MicrosoftEdge=140.0.3485.66)
For documentation on this error, please visit: https://www.selenium.dev/documentation/webdriver/troubleshooting/errors#stale-element-reference-exception
Build info: version: &apos;4.33.0&apos;, revision: &apos;2c6aaad03a&apos;
System info: os.name: &apos;Windows 11&apos;, os.arch: &apos;amd64&apos;, os.version: &apos;10.0&apos;, java.version: &apos;21.0.7&apos;
Driver info: org.openqa.selenium.edge.EdgeDriver
Command: [7b50852f41e8e0a5df5189e52f089de9, clickElement {id=f.D1C339B7295C2BBAC87035649410766B.d.9C715FBB9974EBF94523F00569963D40.e.128}]
Capabilities {acceptInsecureCerts: false, browserName: MicrosoftEdge, browserVersion: 140.0.3485.66, fedcm:accounts: true, ms:edgeOptions: {debuggerAddress: localhost:56412}, msedge: {msedgedriverVersion: 140.0.3485.54 (3cc379a8a5fb..., userDataDir: C:\Users\Lenovo\AppData\Loc...}, networkConnectionEnabled: false, pageLoadStrategy: normal, platformName: windows, proxy: Proxy(), se:cdp: ws://localhost:56412/devtoo..., se:cdpVersion: 140.0.3485.66, setWindowRect: true, strictFileInteractability: false, timeouts: {implicit: 0, pageLoad: 300000, script: 30000}, unhandledPromptBehavior: dismiss and notify, webauthn:extension:credBlob: true, webauthn:extension:largeBlob: true, webauthn:extension:minPinLength: true, webauthn:extension:prf: true, webauthn:virtualAuthenticators: true}
Element: [[EdgeDriver: MicrosoftEdge on windows (7b50852f41e8e0a5df5189e52f089de9)] -&gt; xpath: //span[normalize-space(text())=&apos;3.000.000 &gt; 5.000.000&apos;]]
Session ID: 7b50852f41e8e0a5df5189e52f089de9
	at java.base/jdk.internal.reflect.DirectConstructorHandleAccessor.newInstance(DirectConstructorHandleAccessor.java:62)
	at java.base/java.lang.reflect.Constructor.newInstanceWithCaller(Constructor.java:502)
	at java.base/java.lang.reflect.Constructor.newInstance(Constructor.java:486)
	at org.openqa.selenium.remote.ErrorCodec.decode(ErrorCodec.java:167)
	at org.openqa.selenium.remote.codec.w3c.W3CHttpResponseCodec.decode(W3CHttpResponseCodec.java:138)
	at org.openqa.selenium.remote.codec.w3c.W3CHttpResponseCodec.decode(W3CHttpResponseCodec.java:50)
	at org.openqa.selenium.remote.HttpCommandExecutor.execute(HttpCommandExecutor.java:215)
	at org.openqa.selenium.remote.service.DriverCommandExecutor.invokeExecute(DriverCommandExecutor.java:216)
	at org.openqa.selenium.remote.service.DriverCommandExecutor.execute(DriverCommandExecutor.java:174)
	at org.openqa.selenium.remote.RemoteWebDriver.execute(RemoteWebDriver.java:544)
	at org.openqa.selenium.remote.RemoteWebElement.execute(RemoteWebElement.java:223)
	at org.openqa.selenium.remote.RemoteWebElement.click(RemoteWebElement.java:76)
	at java.base/jdk.internal.reflect.DirectMethodHandleAccessor.invoke(DirectMethodHandleAccessor.java:103)
	at java.base/java.lang.reflect.Method.invoke(Method.java:580)
	at org.openqa.selenium.support.pagefactory.internal.LocatingElementHandler.invoke(LocatingElementHandler.java:51)
	at jdk.proxy2/jdk.proxy2.$Proxy14.click(Unknown Source)
	at automation.pageLocator.ChauVoi_ProductPage.clickElement(ChauVoi_ProductPage.java:25)
	at automation.pageLocator.ChauVoi_ProductPage.selectPriceFilter(ChauVoi_ProductPage.java:57)
	at automation.testsuite.ChauVoi_SoftByPrice.testPriceAndBrand(ChauVoi_SoftByPrice.java:80)
	at java.base/jdk.internal.reflect.DirectMethodHandleAccessor.invoke(DirectMethodHandleAccessor.java:103)
	at java.base/java.lang.reflect.Method.invoke(Method.java:580)
	at org.testng.internal.invokers.MethodInvocationHelper.invokeMethod(MethodInvocationHelper.java:141)
	at org.testng.internal.invokers.TestInvoker.invokeMethod(TestInvoker.java:687)
	at org.testng.internal.invokers.TestInvoker.invokeTestMethod(TestInvoker.java:230)
	at org.testng.internal.invokers.MethodRunner.runInSequence(MethodRunner.java:63)
	at org.testng.internal.invokers.TestInvoker$MethodInvocationAgent.invoke(TestInvoker.java:995)
	at org.testng.internal.invokers.TestInvoker.invokeTestMethods(TestInvoker.java:203)
	at org.testng.internal.invokers.TestMethodWorker.invokeTestMethods(TestMethodWorker.java:154)
	at org.testng.internal.invokers.TestMethodWorker.run(TestMethodWorker.java:134)
	at java.base/java.util.ArrayList.forEach(ArrayList.java:1596)
	at org.testng.TestRunner.privateRun(TestRunner.java:741)
	at org.testng.TestRunner.run(TestRunner.java:616)
	at org.testng.SuiteRunner.runTest(SuiteRunner.java:421)
	at org.testng.SuiteRunner.runSequentially(SuiteRunner.java:413)
	at org.testng.SuiteRunner.privateRun(SuiteRunner.java:373)
	at org.testng.SuiteRunner.run(SuiteRunner.java:312)
	at org.testng.SuiteRunnerWorker.runSuite(SuiteRunnerWorker.java:52)
	at org.testng.SuiteRunnerWorker.run(SuiteRunnerWorker.java:95)
	at org.testng.TestNG.runSuitesSequentially(TestNG.java:1274)
	at org.testng.TestNG.runSuitesLocally(TestNG.java:1208)
	at org.testng.TestNG.runSuites(TestNG.java:1112)
	at org.testng.TestNG.run(TestNG.java:1079)
	at org.testng.remote.AbstractRemoteTestNG.run(AbstractRemoteTestNG.java:115)
	at org.testng.remote.RemoteTestNG.initAndRun(RemoteTestNG.java:293)
	at org.testng.remote.RemoteTestNG.main(RemoteTestNG.java:91)
</pre></div></td>
<td>0</td>
<td>automation.testsuite.ChauVoi_SoftByPrice@158a8276</td></tr>
</table><p>
<table width='100%' border='1' class='invocation-passed'>
<tr><td colspan='4' align='center'><b>PASSED TESTS</b></td></tr>
<tr><td><b>Test method</b></td>
<td><b>Attribute(s)</b></td>
<td width="30%"><b>Exception</b></td>
<td width="10%"><b>Time (seconds)</b></td>
<td><b>Instance</b></td>
</tr>
<tr>
<td title='automation.testsuite.ChauVoi_SoftByOrigin.locTheoXuatXu_ThuySy()'><b>locTheoXuatXu_ThuySy</b><br>Test class: automation.testsuite.ChauVoi_SoftByOrigin</td>
<td></td>
<td>0</td>
<td>automation.testsuite.ChauVoi_SoftByOrigin@3c3d9b6b</td></tr>
<tr>
<td title='automation.testsuite.ChauVoi_SoftByPrice.test3To5Trieu()'><b>test3To5Trieu</b><br>Test class: automation.testsuite.ChauVoi_SoftByPrice</td>
<td></td>
<td>0</td>
<td>automation.testsuite.ChauVoi_SoftByPrice@158a8276</td></tr>
<tr>
<td title='automation.testsuite.ChauVoi_SoftByPrice.testSapXepGiaThap()'><b>testSapXepGiaThap</b><br>Test class: automation.testsuite.ChauVoi_SoftByPrice</td>
<td></td>
<td>1</td>
<td>automation.testsuite.ChauVoi_SoftByPrice@158a8276</td></tr>
<tr>
<td title='automation.testsuite.ChauVoi_SoftByPrice.testTren15Trieu()'><b>testTren15Trieu</b><br>Test class: automation.testsuite.ChauVoi_SoftByPrice</td>
<td></td>
<td>0</td>
<td>automation.testsuite.ChauVoi_SoftByPrice@158a8276</td></tr>
<tr>
<td title='automation.testsuite.ChauVoi_SoftByCategory.testCategoryVoi()'><b>testCategoryVoi</b><br>Test class: automation.testsuite.ChauVoi_SoftByCategory</td>
<td></td>
<td>0</td>
<td>automation.testsuite.ChauVoi_SoftByCategory@5fbe4146</td></tr>
<tr>
<td title='automation.testsuite.ChauVoi_SoftByBrand.locTheoHangKainer()'><b>locTheoHangKainer</b><br>Test class: automation.testsuite.ChauVoi_SoftByBrand</td>
<td></td>
<td>5</td>
<td>automation.testsuite.ChauVoi_SoftByBrand@1e66f1f5</td></tr>
<tr>
<td title='automation.testsuite.ChauVoi_SoftByPrice.testPriceAndOrigin()'><b>testPriceAndOrigin</b><br>Test class: automation.testsuite.ChauVoi_SoftByPrice</td>
<td></td>
<td>2</td>
<td>automation.testsuite.ChauVoi_SoftByPrice@158a8276</td></tr>
<tr>
<td title='automation.testsuite.ChauVoi_SoftByPrice.testSapXepGiaCao()'><b>testSapXepGiaCao</b><br>Test class: automation.testsuite.ChauVoi_SoftByPrice</td>
<td></td>
<td>2</td>
<td>automation.testsuite.ChauVoi_SoftByPrice@158a8276</td></tr>
<tr>
<td title='automation.testsuite.ChauVoi_SoftByMaterial.testOriginAndMaterial()'><b>testOriginAndMaterial</b><br>Test class: automation.testsuite.ChauVoi_SoftByMaterial</td>
<td></td>
<td>0</td>
<td>automation.testsuite.ChauVoi_SoftByMaterial@79d8407f</td></tr>
<tr>
<td title='automation.testsuite.ChauVoi_SoftByPrice.testPriceAndMaterial()'><b>testPriceAndMaterial</b><br>Test class: automation.testsuite.ChauVoi_SoftByPrice</td>
<td></td>
<td>2</td>
<td>automation.testsuite.ChauVoi_SoftByPrice@158a8276</td></tr>
<tr>
<td title='automation.testsuite.ChauVoi_SoftByPrice.testDuoi3Trieu()'><b>testDuoi3Trieu</b><br>Test class: automation.testsuite.ChauVoi_SoftByPrice</td>
<td></td>
<td>1</td>
<td>automation.testsuite.ChauVoi_SoftByPrice@158a8276</td></tr>
<tr>
<td title='automation.testsuite.ChauVoi_SoftByPrice.test5To10Trieu()'><b>test5To10Trieu</b><br>Test class: automation.testsuite.ChauVoi_SoftByPrice</td>
<td></td>
<td>1</td>
<td>automation.testsuite.ChauVoi_SoftByPrice@158a8276</td></tr>
<tr>
<td title='automation.testsuite.ChauVoi_SoftByPrice.testSapXepGiamGiaNhieu()'><b>testSapXepGiamGiaNhieu</b><br>Test class: automation.testsuite.ChauVoi_SoftByPrice</td>
<td></td>
<td>2</td>
<td>automation.testsuite.ChauVoi_SoftByPrice@158a8276</td></tr>
<tr>
<td title='automation.testsuite.ChauVoi_SoftByMaterial.locTheoChatLieu_Inox304()'><b>locTheoChatLieu_Inox304</b><br>Test class: automation.testsuite.ChauVoi_SoftByMaterial</td>
<td></td>
<td>0</td>
<td>automation.testsuite.ChauVoi_SoftByMaterial@79d8407f</td></tr>
<tr>
<td title='automation.testsuite.ChauVoi_SoftByCategory.testCategoryChau()'><b>testCategoryChau</b><br>Test class: automation.testsuite.ChauVoi_SoftByCategory</td>
<td></td>
<td>1</td>
<td>automation.testsuite.ChauVoi_SoftByCategory@5fbe4146</td></tr>
</table><p>
</body>
</html>